/home/volodymyrseheda/ros2_ws/install/py_pubsub/lib/python3.10/site-packages/py_pubsub/pup.py
/home/volodymyrseheda/ros2_ws/install/py_pubsub/lib/python3.10/site-packages/py_pubsub/__init__.py
/home/volodymyrseheda/ros2_ws/install/py_pubsub/lib/python3.10/site-packages/py_pubsub/subscriberImage.py
/home/volodymyrseheda/ros2_ws/install/py_pubsub/lib/python3.10/site-packages/py_pubsub/main.py
/home/volodymyrseheda/ros2_ws/install/py_pubsub/lib/python3.10/site-packages/py_pubsub/cameraPublisher.py
/home/volodymyrseheda/ros2_ws/install/py_pubsub/lib/python3.10/site-packages/py_pubsub/__pycache__/pup.cpython-310.pyc
/home/volodymyrseheda/ros2_ws/install/py_pubsub/lib/python3.10/site-packages/py_pubsub/__pycache__/__init__.cpython-310.pyc
/home/volodymyrseheda/ros2_ws/install/py_pubsub/lib/python3.10/site-packages/py_pubsub/__pycache__/subscriberImage.cpython-310.pyc
/home/volodymyrseheda/ros2_ws/install/py_pubsub/lib/python3.10/site-packages/py_pubsub/__pycache__/main.cpython-310.pyc
/home/volodymyrseheda/ros2_ws/install/py_pubsub/lib/python3.10/site-packages/py_pubsub/__pycache__/cameraPublisher.cpython-310.pyc
/home/volodymyrseheda/ros2_ws/install/py_pubsub/share/ament_index/resource_index/packages/py_pubsub
/home/volodymyrseheda/ros2_ws/install/py_pubsub/share/py_pubsub/package.xml
/home/volodymyrseheda/ros2_ws/install/py_pubsub/lib/python3.10/site-packages/py_pubsub-0.0.0-py3.10.egg-info/requires.txt
/home/volodymyrseheda/ros2_ws/install/py_pubsub/lib/python3.10/site-packages/py_pubsub-0.0.0-py3.10.egg-info/dependency_links.txt
/home/volodymyrseheda/ros2_ws/install/py_pubsub/lib/python3.10/site-packages/py_pubsub-0.0.0-py3.10.egg-info/zip-safe
/home/volodymyrseheda/ros2_ws/install/py_pubsub/lib/python3.10/site-packages/py_pubsub-0.0.0-py3.10.egg-info/top_level.txt
/home/volodymyrseheda/ros2_ws/install/py_pubsub/lib/python3.10/site-packages/py_pubsub-0.0.0-py3.10.egg-info/entry_points.txt
/home/volodymyrseheda/ros2_ws/install/py_pubsub/lib/python3.10/site-packages/py_pubsub-0.0.0-py3.10.egg-info/SOURCES.txt
/home/volodymyrseheda/ros2_ws/install/py_pubsub/lib/python3.10/site-packages/py_pubsub-0.0.0-py3.10.egg-info/PKG-INFO
/home/volodymyrseheda/ros2_ws/install/py_pubsub/lib/py_pubsub/publisher_node
/home/volodymyrseheda/ros2_ws/install/py_pubsub/lib/py_pubsub/subscriber_node
