[0.497s] Invoking command in '/home/volodymyrseheda/ros2_ws/src/py_pubsub': PYTHONPATH=/home/volodymyrseheda/ros2_ws/build/py_pubsub/prefix_override:/home/volodymyrseheda/ros2_ws/install/py_pubsub/lib/python3.10/site-packages:${PYTHONPATH} /usr/bin/python3 -W ignore:setup.py install is deprecated setup.py egg_info --egg-base ../../build/py_pubsub build --build-base /home/volodymyrseheda/ros2_ws/build/py_pubsub/build install --record /home/volodymyrseheda/ros2_ws/build/py_pubsub/install.log --single-version-externally-managed install_data
[0.697s] running egg_info
[0.697s] writing ../../build/py_pubsub/py_pubsub.egg-info/PKG-INFO
[0.697s] writing dependency_links to ../../build/py_pubsub/py_pubsub.egg-info/dependency_links.txt
[0.697s] writing entry points to ../../build/py_pubsub/py_pubsub.egg-info/entry_points.txt
[0.697s] writing requirements to ../../build/py_pubsub/py_pubsub.egg-info/requires.txt
[0.698s] writing top-level names to ../../build/py_pubsub/py_pubsub.egg-info/top_level.txt
[0.699s] reading manifest file '../../build/py_pubsub/py_pubsub.egg-info/SOURCES.txt'
[0.699s] adding license file 'LICENSE'
[0.699s] writing manifest file '../../build/py_pubsub/py_pubsub.egg-info/SOURCES.txt'
[0.699s] running build
[0.700s] running build_py
[0.700s] copying py_pubsub/cameraPublisher.py -> /home/volodymyrseheda/ros2_ws/build/py_pubsub/build/lib/py_pubsub
[0.700s] running install
[0.700s] running install_lib
[0.701s] copying /home/volodymyrseheda/ros2_ws/build/py_pubsub/build/lib/py_pubsub/cameraPublisher.py -> /home/volodymyrseheda/ros2_ws/install/py_pubsub/lib/python3.10/site-packages/py_pubsub
[0.701s] byte-compiling /home/volodymyrseheda/ros2_ws/install/py_pubsub/lib/python3.10/site-packages/py_pubsub/cameraPublisher.py to cameraPublisher.cpython-310.pyc
[0.702s] running install_data
[0.702s] running install_egg_info
[0.703s] removing '/home/volodymyrseheda/ros2_ws/install/py_pubsub/lib/python3.10/site-packages/py_pubsub-0.0.0-py3.10.egg-info' (and everything under it)
[0.704s] Copying ../../build/py_pubsub/py_pubsub.egg-info to /home/volodymyrseheda/ros2_ws/install/py_pubsub/lib/python3.10/site-packages/py_pubsub-0.0.0-py3.10.egg-info
[0.704s] running install_scripts
[0.718s] Installing publisher_node script to /home/volodymyrseheda/ros2_ws/install/py_pubsub/lib/py_pubsub
[0.718s] Installing subscriber_node script to /home/volodymyrseheda/ros2_ws/install/py_pubsub/lib/py_pubsub
[0.719s] writing list of installed files to '/home/volodymyrseheda/ros2_ws/build/py_pubsub/install.log'
[0.737s] Invoked command in '/home/volodymyrseheda/ros2_ws/src/py_pubsub' returned '0': PYTHONPATH=/home/volodymyrseheda/ros2_ws/build/py_pubsub/prefix_override:/home/volodymyrseheda/ros2_ws/install/py_pubsub/lib/python3.10/site-packages:${PYTHONPATH} /usr/bin/python3 -W ignore:setup.py install is deprecated setup.py egg_info --egg-base ../../build/py_pubsub build --build-base /home/volodymyrseheda/ros2_ws/build/py_pubsub/build install --record /home/volodymyrseheda/ros2_ws/build/py_pubsub/install.log --single-version-externally-managed install_data
