[0.516s] Invoking command in '/home/volodymyrseheda/ros2_ws/src/py_pubsub': PYTHONPATH=/home/volodymyrseheda/ros2_ws/build/py_pubsub/prefix_override:/home/volodymyrseheda/ros2_ws/install/py_pubsub/lib/python3.10/site-packages:${PYTHONPATH} /usr/bin/python3 -W ignore:setup.py install is deprecated setup.py egg_info --egg-base ../../build/py_pubsub build --build-base /home/volodymyrseheda/ros2_ws/build/py_pubsub/build install --record /home/volodymyrseheda/ros2_ws/build/py_pubsub/install.log --single-version-externally-managed install_data
[0.726s] running egg_info
[0.726s] writing ../../build/py_pubsub/py_pubsub.egg-info/PKG-INFO
[0.726s] writing dependency_links to ../../build/py_pubsub/py_pubsub.egg-info/dependency_links.txt
[0.727s] writing entry points to ../../build/py_pubsub/py_pubsub.egg-info/entry_points.txt
[0.727s] writing requirements to ../../build/py_pubsub/py_pubsub.egg-info/requires.txt
[0.727s] writing top-level names to ../../build/py_pubsub/py_pubsub.egg-info/top_level.txt
[0.728s] reading manifest file '../../build/py_pubsub/py_pubsub.egg-info/SOURCES.txt'
[0.728s] adding license file 'LICENSE'
[0.729s] writing manifest file '../../build/py_pubsub/py_pubsub.egg-info/SOURCES.txt'
[0.729s] running build
[0.729s] running build_py
[0.729s] copying py_pubsub/pup.py -> /home/volodymyrseheda/ros2_ws/build/py_pubsub/build/lib/py_pubsub
[0.729s] copying py_pubsub/cameraPublisher.py -> /home/volodymyrseheda/ros2_ws/build/py_pubsub/build/lib/py_pubsub
[0.729s] running install
[0.730s] running install_lib
[0.730s] copying /home/volodymyrseheda/ros2_ws/build/py_pubsub/build/lib/py_pubsub/pup.py -> /home/volodymyrseheda/ros2_ws/install/py_pubsub/lib/python3.10/site-packages/py_pubsub
[0.731s] copying /home/volodymyrseheda/ros2_ws/build/py_pubsub/build/lib/py_pubsub/cameraPublisher.py -> /home/volodymyrseheda/ros2_ws/install/py_pubsub/lib/python3.10/site-packages/py_pubsub
[0.731s] byte-compiling /home/volodymyrseheda/ros2_ws/install/py_pubsub/lib/python3.10/site-packages/py_pubsub/pup.py to pup.cpython-310.pyc
[0.732s] byte-compiling /home/volodymyrseheda/ros2_ws/install/py_pubsub/lib/python3.10/site-packages/py_pubsub/cameraPublisher.py to cameraPublisher.cpython-310.pyc
[0.733s] running install_data
[0.733s] running install_egg_info
[0.734s] removing '/home/volodymyrseheda/ros2_ws/install/py_pubsub/lib/python3.10/site-packages/py_pubsub-0.0.0-py3.10.egg-info' (and everything under it)
[0.734s] Copying ../../build/py_pubsub/py_pubsub.egg-info to /home/volodymyrseheda/ros2_ws/install/py_pubsub/lib/python3.10/site-packages/py_pubsub-0.0.0-py3.10.egg-info
[0.735s] running install_scripts
[0.750s] Installing publisher_node script to /home/volodymyrseheda/ros2_ws/install/py_pubsub/lib/py_pubsub
[0.750s] Installing subscriber_node script to /home/volodymyrseheda/ros2_ws/install/py_pubsub/lib/py_pubsub
[0.750s] writing list of installed files to '/home/volodymyrseheda/ros2_ws/build/py_pubsub/install.log'
[0.772s] Invoked command in '/home/volodymyrseheda/ros2_ws/src/py_pubsub' returned '0': PYTHONPATH=/home/volodymyrseheda/ros2_ws/build/py_pubsub/prefix_override:/home/volodymyrseheda/ros2_ws/install/py_pubsub/lib/python3.10/site-packages:${PYTHONPATH} /usr/bin/python3 -W ignore:setup.py install is deprecated setup.py egg_info --egg-base ../../build/py_pubsub build --build-base /home/volodymyrseheda/ros2_ws/build/py_pubsub/build install --record /home/volodymyrseheda/ros2_ws/build/py_pubsub/install.log --single-version-externally-managed install_data
