[0.494s] Invoking command in '/home/volodymyrseheda/ros2_ws/src/py_pubsub': PYTHONPATH=/home/volodymyrseheda/ros2_ws/build/py_pubsub/prefix_override:/home/volodymyrseheda/ros2_ws/install/py_pubsub/lib/python3.10/site-packages:${PYTHONPATH} /usr/bin/python3 -W ignore:setup.py install is deprecated setup.py egg_info --egg-base ../../build/py_pubsub build --build-base /home/volodymyrseheda/ros2_ws/build/py_pubsub/build install --record /home/volodymyrseheda/ros2_ws/build/py_pubsub/install.log --single-version-externally-managed install_data
[0.692s] running egg_info
[0.693s] creating ../../build/py_pubsub/py_pubsub.egg-info
[0.693s] writing ../../build/py_pubsub/py_pubsub.egg-info/PKG-INFO
[0.693s] writing dependency_links to ../../build/py_pubsub/py_pubsub.egg-info/dependency_links.txt
[0.693s] writing entry points to ../../build/py_pubsub/py_pubsub.egg-info/entry_points.txt
[0.693s] writing requirements to ../../build/py_pubsub/py_pubsub.egg-info/requires.txt
[0.693s] writing top-level names to ../../build/py_pubsub/py_pubsub.egg-info/top_level.txt
[0.693s] writing manifest file '../../build/py_pubsub/py_pubsub.egg-info/SOURCES.txt'
[0.694s] reading manifest file '../../build/py_pubsub/py_pubsub.egg-info/SOURCES.txt'
[0.695s] adding license file 'LICENSE'
[0.695s] writing manifest file '../../build/py_pubsub/py_pubsub.egg-info/SOURCES.txt'
[0.695s] running build
[0.695s] running build_py
[0.695s] creating /home/volodymyrseheda/ros2_ws/build/py_pubsub/build
[0.695s] creating /home/volodymyrseheda/ros2_ws/build/py_pubsub/build/lib
[0.695s] creating /home/volodymyrseheda/ros2_ws/build/py_pubsub/build/lib/py_pubsub
[0.695s] copying py_pubsub/subscriber_member_function.py -> /home/volodymyrseheda/ros2_ws/build/py_pubsub/build/lib/py_pubsub
[0.696s] copying py_pubsub/__init__.py -> /home/volodymyrseheda/ros2_ws/build/py_pubsub/build/lib/py_pubsub
[0.696s] copying py_pubsub/publisher_member_function.py -> /home/volodymyrseheda/ros2_ws/build/py_pubsub/build/lib/py_pubsub
[0.696s] copying py_pubsub/subscriberImage.py -> /home/volodymyrseheda/ros2_ws/build/py_pubsub/build/lib/py_pubsub
[0.696s] copying py_pubsub/main.py -> /home/volodymyrseheda/ros2_ws/build/py_pubsub/build/lib/py_pubsub
[0.696s] copying py_pubsub/cameraPublisher.py -> /home/volodymyrseheda/ros2_ws/build/py_pubsub/build/lib/py_pubsub
[0.696s] running install
[0.696s] running install_lib
[0.697s] creating /home/volodymyrseheda/ros2_ws/install/py_pubsub/lib/python3.10/site-packages/py_pubsub
[0.697s] copying /home/volodymyrseheda/ros2_ws/build/py_pubsub/build/lib/py_pubsub/subscriber_member_function.py -> /home/volodymyrseheda/ros2_ws/install/py_pubsub/lib/python3.10/site-packages/py_pubsub
[0.697s] copying /home/volodymyrseheda/ros2_ws/build/py_pubsub/build/lib/py_pubsub/__init__.py -> /home/volodymyrseheda/ros2_ws/install/py_pubsub/lib/python3.10/site-packages/py_pubsub
[0.697s] copying /home/volodymyrseheda/ros2_ws/build/py_pubsub/build/lib/py_pubsub/publisher_member_function.py -> /home/volodymyrseheda/ros2_ws/install/py_pubsub/lib/python3.10/site-packages/py_pubsub
[0.697s] copying /home/volodymyrseheda/ros2_ws/build/py_pubsub/build/lib/py_pubsub/subscriberImage.py -> /home/volodymyrseheda/ros2_ws/install/py_pubsub/lib/python3.10/site-packages/py_pubsub
[0.697s] copying /home/volodymyrseheda/ros2_ws/build/py_pubsub/build/lib/py_pubsub/main.py -> /home/volodymyrseheda/ros2_ws/install/py_pubsub/lib/python3.10/site-packages/py_pubsub
[0.697s] copying /home/volodymyrseheda/ros2_ws/build/py_pubsub/build/lib/py_pubsub/cameraPublisher.py -> /home/volodymyrseheda/ros2_ws/install/py_pubsub/lib/python3.10/site-packages/py_pubsub
[0.698s] byte-compiling /home/volodymyrseheda/ros2_ws/install/py_pubsub/lib/python3.10/site-packages/py_pubsub/subscriber_member_function.py to subscriber_member_function.cpython-310.pyc
[0.698s] byte-compiling /home/volodymyrseheda/ros2_ws/install/py_pubsub/lib/python3.10/site-packages/py_pubsub/__init__.py to __init__.cpython-310.pyc
[0.698s] byte-compiling /home/volodymyrseheda/ros2_ws/install/py_pubsub/lib/python3.10/site-packages/py_pubsub/publisher_member_function.py to publisher_member_function.cpython-310.pyc
[0.699s] byte-compiling /home/volodymyrseheda/ros2_ws/install/py_pubsub/lib/python3.10/site-packages/py_pubsub/subscriberImage.py to subscriberImage.cpython-310.pyc
[0.699s] byte-compiling /home/volodymyrseheda/ros2_ws/install/py_pubsub/lib/python3.10/site-packages/py_pubsub/main.py to main.cpython-310.pyc
[0.700s] byte-compiling /home/volodymyrseheda/ros2_ws/install/py_pubsub/lib/python3.10/site-packages/py_pubsub/cameraPublisher.py to cameraPublisher.cpython-310.pyc
[0.700s] running install_data
[0.700s] creating /home/volodymyrseheda/ros2_ws/install/py_pubsub/share/ament_index
[0.700s] creating /home/volodymyrseheda/ros2_ws/install/py_pubsub/share/ament_index/resource_index
[0.700s] creating /home/volodymyrseheda/ros2_ws/install/py_pubsub/share/ament_index/resource_index/packages
[0.700s] copying resource/py_pubsub -> /home/volodymyrseheda/ros2_ws/install/py_pubsub/share/ament_index/resource_index/packages
[0.700s] copying package.xml -> /home/volodymyrseheda/ros2_ws/install/py_pubsub/share/py_pubsub
[0.701s] running install_egg_info
[0.701s] Copying ../../build/py_pubsub/py_pubsub.egg-info to /home/volodymyrseheda/ros2_ws/install/py_pubsub/lib/python3.10/site-packages/py_pubsub-0.0.0-py3.10.egg-info
[0.702s] running install_scripts
[0.717s] Installing publisher_node script to /home/volodymyrseheda/ros2_ws/install/py_pubsub/lib/py_pubsub
[0.717s] Installing subscriber_node script to /home/volodymyrseheda/ros2_ws/install/py_pubsub/lib/py_pubsub
[0.717s] writing list of installed files to '/home/volodymyrseheda/ros2_ws/build/py_pubsub/install.log'
[0.737s] Invoked command in '/home/volodymyrseheda/ros2_ws/src/py_pubsub' returned '0': PYTHONPATH=/home/volodymyrseheda/ros2_ws/build/py_pubsub/prefix_override:/home/volodymyrseheda/ros2_ws/install/py_pubsub/lib/python3.10/site-packages:${PYTHONPATH} /usr/bin/python3 -W ignore:setup.py install is deprecated setup.py egg_info --egg-base ../../build/py_pubsub build --build-base /home/volodymyrseheda/ros2_ws/build/py_pubsub/build install --record /home/volodymyrseheda/ros2_ws/build/py_pubsub/install.log --single-version-externally-managed install_data
