[0.514s] Invoking command in '/home/volodymyrseheda/ros2_ws/src/py_pubsub': PYTHONPATH=/home/volodymyrseheda/ros2_ws/build/py_pubsub/prefix_override:/home/volodymyrseheda/ros2_ws/install/py_pubsub/lib/python3.10/site-packages:${PYTHONPATH} /usr/bin/python3 -W ignore:setup.py install is deprecated setup.py egg_info --egg-base ../../build/py_pubsub build --build-base /home/volodymyrseheda/ros2_ws/build/py_pubsub/build install --record /home/volodymyrseheda/ros2_ws/build/py_pubsub/install.log --single-version-externally-managed install_data
[0.716s] running egg_info
[0.717s] writing ../../build/py_pubsub/py_pubsub.egg-info/PKG-INFO
[0.717s] writing dependency_links to ../../build/py_pubsub/py_pubsub.egg-info/dependency_links.txt
[0.717s] writing entry points to ../../build/py_pubsub/py_pubsub.egg-info/entry_points.txt
[0.717s] writing requirements to ../../build/py_pubsub/py_pubsub.egg-info/requires.txt
[0.717s] writing top-level names to ../../build/py_pubsub/py_pubsub.egg-info/top_level.txt
[0.719s] reading manifest file '../../build/py_pubsub/py_pubsub.egg-info/SOURCES.txt'
[0.719s] adding license file 'LICENSE'
[0.719s] writing manifest file '../../build/py_pubsub/py_pubsub.egg-info/SOURCES.txt'
[0.720s] running build
[0.720s] running build_py
[0.720s] copying py_pubsub/cameraPublisher.py -> /home/volodymyrseheda/ros2_ws/build/py_pubsub/build/lib/py_pubsub
[0.720s] running install
[0.720s] running install_lib
[0.721s] copying /home/volodymyrseheda/ros2_ws/build/py_pubsub/build/lib/py_pubsub/cameraPublisher.py -> /home/volodymyrseheda/ros2_ws/install/py_pubsub/lib/python3.10/site-packages/py_pubsub
[0.721s] byte-compiling /home/volodymyrseheda/ros2_ws/install/py_pubsub/lib/python3.10/site-packages/py_pubsub/cameraPublisher.py to cameraPublisher.cpython-310.pyc
[0.722s] running install_data
[0.722s] running install_egg_info
[0.723s] removing '/home/volodymyrseheda/ros2_ws/install/py_pubsub/lib/python3.10/site-packages/py_pubsub-0.0.0-py3.10.egg-info' (and everything under it)
[0.724s] Copying ../../build/py_pubsub/py_pubsub.egg-info to /home/volodymyrseheda/ros2_ws/install/py_pubsub/lib/python3.10/site-packages/py_pubsub-0.0.0-py3.10.egg-info
[0.725s] running install_scripts
[0.740s] Installing publisher_node script to /home/volodymyrseheda/ros2_ws/install/py_pubsub/lib/py_pubsub
[0.740s] Installing subscriber_node script to /home/volodymyrseheda/ros2_ws/install/py_pubsub/lib/py_pubsub
[0.740s] writing list of installed files to '/home/volodymyrseheda/ros2_ws/build/py_pubsub/install.log'
[0.759s] Invoked command in '/home/volodymyrseheda/ros2_ws/src/py_pubsub' returned '0': PYTHONPATH=/home/volodymyrseheda/ros2_ws/build/py_pubsub/prefix_override:/home/volodymyrseheda/ros2_ws/install/py_pubsub/lib/python3.10/site-packages:${PYTHONPATH} /usr/bin/python3 -W ignore:setup.py install is deprecated setup.py egg_info --egg-base ../../build/py_pubsub build --build-base /home/volodymyrseheda/ros2_ws/build/py_pubsub/build install --record /home/volodymyrseheda/ros2_ws/build/py_pubsub/install.log --single-version-externally-managed install_data
