[0.491s] Invoking command in '/home/volodymyrseheda/ros2_ws/src/py_pubsub': PYTHONPATH=/home/volodymyrseheda/ros2_ws/build/py_pubsub/prefix_override:/home/volodymyrseheda/ros2_ws/install/py_pubsub/lib/python3.10/site-packages:${PYTHONPATH} /usr/bin/python3 -W ignore:setup.py install is deprecated setup.py egg_info --egg-base ../../build/py_pubsub build --build-base /home/volodymyrseheda/ros2_ws/build/py_pubsub/build install --record /home/volodymyrseheda/ros2_ws/build/py_pubsub/install.log --single-version-externally-managed install_data
[0.691s] running egg_info
[0.692s] writing ../../build/py_pubsub/py_pubsub.egg-info/PKG-INFO
[0.692s] writing dependency_links to ../../build/py_pubsub/py_pubsub.egg-info/dependency_links.txt
[0.692s] writing entry points to ../../build/py_pubsub/py_pubsub.egg-info/entry_points.txt
[0.692s] writing requirements to ../../build/py_pubsub/py_pubsub.egg-info/requires.txt
[0.692s] writing top-level names to ../../build/py_pubsub/py_pubsub.egg-info/top_level.txt
[0.693s] reading manifest file '../../build/py_pubsub/py_pubsub.egg-info/SOURCES.txt'
[0.694s] adding license file 'LICENSE'
[0.694s] writing manifest file '../../build/py_pubsub/py_pubsub.egg-info/SOURCES.txt'
[0.694s] running build
[0.694s] running build_py
[0.694s] copying py_pubsub/subscriberImage.py -> /home/volodymyrseheda/ros2_ws/build/py_pubsub/build/lib/py_pubsub
[0.695s] copying py_pubsub/main.py -> /home/volodymyrseheda/ros2_ws/build/py_pubsub/build/lib/py_pubsub
[0.695s] copying py_pubsub/cameraPublisher.py -> /home/volodymyrseheda/ros2_ws/build/py_pubsub/build/lib/py_pubsub
[0.695s] running install
[0.695s] running install_lib
[0.696s] copying /home/volodymyrseheda/ros2_ws/build/py_pubsub/build/lib/py_pubsub/subscriberImage.py -> /home/volodymyrseheda/ros2_ws/install/py_pubsub/lib/python3.10/site-packages/py_pubsub
[0.696s] copying /home/volodymyrseheda/ros2_ws/build/py_pubsub/build/lib/py_pubsub/main.py -> /home/volodymyrseheda/ros2_ws/install/py_pubsub/lib/python3.10/site-packages/py_pubsub
[0.696s] copying /home/volodymyrseheda/ros2_ws/build/py_pubsub/build/lib/py_pubsub/cameraPublisher.py -> /home/volodymyrseheda/ros2_ws/install/py_pubsub/lib/python3.10/site-packages/py_pubsub
[0.696s] byte-compiling /home/volodymyrseheda/ros2_ws/install/py_pubsub/lib/python3.10/site-packages/py_pubsub/subscriberImage.py to subscriberImage.cpython-310.pyc
[0.697s] byte-compiling /home/volodymyrseheda/ros2_ws/install/py_pubsub/lib/python3.10/site-packages/py_pubsub/main.py to main.cpython-310.pyc
[0.697s] byte-compiling /home/volodymyrseheda/ros2_ws/install/py_pubsub/lib/python3.10/site-packages/py_pubsub/cameraPublisher.py to cameraPublisher.cpython-310.pyc
[0.698s] running install_data
[0.698s] running install_egg_info
[0.699s] removing '/home/volodymyrseheda/ros2_ws/install/py_pubsub/lib/python3.10/site-packages/py_pubsub-0.0.0-py3.10.egg-info' (and everything under it)
[0.700s] Copying ../../build/py_pubsub/py_pubsub.egg-info to /home/volodymyrseheda/ros2_ws/install/py_pubsub/lib/python3.10/site-packages/py_pubsub-0.0.0-py3.10.egg-info
[0.700s] running install_scripts
[0.714s] Installing publisher_node script to /home/volodymyrseheda/ros2_ws/install/py_pubsub/lib/py_pubsub
[0.715s] Installing subscriber_node script to /home/volodymyrseheda/ros2_ws/install/py_pubsub/lib/py_pubsub
[0.715s] writing list of installed files to '/home/volodymyrseheda/ros2_ws/build/py_pubsub/install.log'
[0.733s] Invoked command in '/home/volodymyrseheda/ros2_ws/src/py_pubsub' returned '0': PYTHONPATH=/home/volodymyrseheda/ros2_ws/build/py_pubsub/prefix_override:/home/volodymyrseheda/ros2_ws/install/py_pubsub/lib/python3.10/site-packages:${PYTHONPATH} /usr/bin/python3 -W ignore:setup.py install is deprecated setup.py egg_info --egg-base ../../build/py_pubsub build --build-base /home/volodymyrseheda/ros2_ws/build/py_pubsub/build install --record /home/volodymyrseheda/ros2_ws/build/py_pubsub/install.log --single-version-externally-managed install_data
